<?xml version="1.0" encoding="UTF-8"?>
<testng-results skipped="0" failed="0" ignored="0" total="1" passed="1">
  <reporter-output>
  </reporter-output>
  <suite name="Default suite" duration-ms="18572" started-at="2018-09-28T17:55:08Z" finished-at="2018-09-28T17:55:27Z">
    <groups>
    </groups>
    <test name="Default test" duration-ms="18572" started-at="2018-09-28T17:55:08Z" finished-at="2018-09-28T17:55:27Z">
      <class name="com.crm.qa.test.LaunchTest">
        <test-method status="PASS" signature="setUp()[pri:0, instance:com.crm.qa.test.LaunchTest@604ed9f0]" name="setUp" is-config="true" duration-ms="18435" started-at="2018-09-28T17:55:08Z" finished-at="2018-09-28T17:55:27Z">
          <reporter-output>
          </reporter-output>
        </test-method> <!-- setUp -->
        <test-method status="PASS" signature="launchApplication()[pri:0, instance:com.crm.qa.test.LaunchTest@604ed9f0]" name="launchApplication" duration-ms="74" started-at="2018-09-28T17:55:27Z" finished-at="2018-09-28T17:55:27Z">
          <reporter-output>
          </reporter-output>
        </test-method> <!-- launchApplication -->
        <test-method status="PASS" signature="tearDown()[pri:0, instance:com.crm.qa.test.LaunchTest@604ed9f0]" name="tearDown" is-config="true" duration-ms="0" started-at="2018-09-28T17:55:27Z" finished-at="2018-09-28T17:55:27Z">
          <reporter-output>
          </reporter-output>
        </test-method> <!-- tearDown -->
      </class> <!-- com.crm.qa.test.LaunchTest -->
    </test> <!-- Default test -->
  </suite> <!-- Default suite -->
</testng-results>
